<?xml version="1.0" encoding="UTF-8"?>
<Site BuildName="Win32-ninja"
	BuildStamp="20231023-1243-Experimental"
	Name="DESKTOP-FR8D0ID"
	Generator="ctest-3.26.4"
	CompilerName="C:/msys64/mingw64/bin/g++.exe"
	CompilerVersion="13.1.0"
	OSName="Windows"
	Hostname="DESKTOP-FR8D0ID"
	OSRelease=" Personal"
	OSVersion=" (Build 19045)"
	OSPlatform="AMD64"
	Is64Bits="1"
	VendorString=""
	VendorID="Unknown Manufacturer"
	FamilyID="0"
	ModelID="0"
	ProcessorCacheSize="0"
	NumberOfLogicalCPU="12"
	NumberOfPhysicalCPU="6"
	TotalVirtualMemory="18595"
	TotalPhysicalMemory="16163"
	LogicalProcessorsPerPhysical="2"
	ProcessorClockFrequency="2688"
	>
	<Testing>
		<StartDateTime>Oct 23 17:26 Hora oficial do Brasil</StartDateTime>
		<StartTestTime>1698092809</StartTestTime>
		<TestList/>
		<EndDateTime>Oct 23 17:26 Hora oficial do Brasil</EndDateTime>
		<EndTestTime>1698092809</EndTestTime>
		<ElapsedMinutes>0</ElapsedMinutes>
	</Testing>
</Site>
